<?xml version="1.0" encoding="utf-8"?><testsuites name="pytest tests"><testsuite name="pytest" errors="0" failures="0" skipped="2" tests="333" time="1.971" timestamp="2026-09-21T15:59:25.055873-03:00" hostname="Alienware2"><testcase classname="tests.test_cli" name="test_health_and_help_offline" time="0.093" /><testcase classname="tests.test_cli" name="test_cli_json_raw_and_offline" time="0.063" /><testcase classname="tests.test_cli" name="test_cli_process_and_discover" time="0.056" /><testcase classname="tests.test_cli" name="test_cli_missing_key_invalid_input_and_unsupported" time="0.059" /><testcase classname="tests.test_cli" name="test_query_file_and_conflicting_flags" time="0.029" /><testcase classname="tests.test_cli" name="test_deep_upstream_json_cli_has_safe_error" time="0.016" /><testcase classname="tests.test_cnj" name="test_published_tjsp_example_preserves_leading_zeroes[00409435319968260114]" time="0.000" /><testcase classname="tests.test_cnj" name="test_published_tjsp_example_preserves_leading_zeroes[0040943-53.1996.8.26.0114]" time="0.000" /><testcase classname="tests.test_cnj" name="test_invalid_numbers_fail_explicitly[]" time="0.000" /><testcase classname="tests.test_cnj" name="test_invalid_numbers_fail_explicitly[123]" time="0.000" /><testcase classname="tests.test_cnj" name="test_invalid_numbers_fail_explicitly[0040943-53.1996.8.26.0114 ]" time="0.000" /><testcase classname="tests.test_cnj" name="test_invalid_numbers_fail_explicitly[0040943/53.1996.8.26.0114]" time="0.000" /><testcase classname="tests.test_cnj" name="test_invalid_numbers_fail_explicitly[0040943-54.1996.8.26.0114]" time="0.000" /><testcase classname="tests.test_cnj" name="test_invalid_numbers_fail_explicitly[00409435319968260115]" time="0.000" /><testcase classname="tests.test_cnj" name="test_invalid_numbers_fail_explicitly[\u0660\u0660\u0660\u0660\u0660\u0660\u0660\u0660\u0660\u0660\u0660\u0660\u0660\u0660\u0660\u0660\u0660\u0660\u0660\u0660]" time="0.000" /><testcase classname="tests.test_cnj" name="test_invalid_numbers_fail_explicitly[\uff11\uff11\uff11\uff11\uff11\uff11\uff11\uff11\uff11\uff11\uff11\uff11\uff11\uff11\uff11\uff11\uff11\uff11\uff11\uff11]" time="0.000" /><testcase classname="tests.test_cnj" name="test_invalid_numbers_fail_explicitly[None]" time="0.000" /><testcase classname="tests.test_cnj" name="test_invalid_numbers_fail_explicitly[409435319968260114]" time="0.000" /><testcase classname="tests.test_cnj" name="test_invalid_numbers_fail_explicitly[00000000000000000000]" time="0.000" /><testcase classname="tests.test_cnj" name="test_origin_inference_follows_cnj_segments_and_annexes[3-0-STJ]" time="0.000" /><testcase classname="tests.test_cnj" name="test_origin_inference_follows_cnj_segments_and_annexes[5-0-TST]" time="0.000" /><testcase classname="tests.test_cnj" name="test_origin_inference_follows_cnj_segments_and_annexes[6-0-TSE]" time="0.001" /><testcase classname="tests.test_cnj" name="test_origin_inference_follows_cnj_segments_and_annexes[7-0-STM]" time="0.000" /><testcase classname="tests.test_cnj" name="test_origin_inference_follows_cnj_segments_and_annexes[4-1-TRF1]" time="0.001" /><testcase classname="tests.test_cnj" name="test_origin_inference_follows_cnj_segments_and_annexes[4-6-TRF6]" time="0.001" /><testcase classname="tests.test_cnj" name="test_origin_inference_follows_cnj_segments_and_annexes[5-1-TRT1]" time="0.000" /><testcase classname="tests.test_cnj" name="test_origin_inference_follows_cnj_segments_and_annexes[5-24-TRT24]" time="0.001" /><testcase classname="tests.test_cnj" name="test_origin_inference_follows_cnj_segments_and_annexes[8-3-TJAP]" time="0.000" /><testcase classname="tests.test_cnj" name="test_origin_inference_follows_cnj_segments_and_annexes[8-4-TJAM]" time="0.000" /><testcase classname="tests.test_cnj" name="test_origin_inference_follows_cnj_segments_and_annexes[8-7-TJDFT]" time="0.000" /><testcase classname="tests.test_cnj" name="test_origin_inference_follows_cnj_segments_and_annexes[8-11-TJMT]" time="0.000" /><testcase classname="tests.test_cnj" name="test_origin_inference_follows_cnj_segments_and_annexes[8-12-TJMS]" time="0.000" /><testcase classname="tests.test_cnj" name="test_origin_inference_follows_cnj_segments_and_annexes[8-25-TJSE]" time="0.000" /><testcase classname="tests.test_cnj" name="test_origin_inference_follows_cnj_segments_and_annexes[8-26-TJSP]" time="0.000" /><testcase classname="tests.test_cnj" name="test_origin_inference_follows_cnj_segments_and_annexes[6-7-TRE-DF]" time="0.001" /><testcase classname="tests.test_cnj" name="test_origin_inference_follows_cnj_segments_and_annexes[6-25-TRE-SE]" time="0.001" /><testcase classname="tests.test_cnj" name="test_origin_inference_follows_cnj_segments_and_annexes[6-26-TRE-SP]" time="0.001" /><testcase classname="tests.test_cnj" name="test_origin_inference_follows_cnj_segments_and_annexes[9-13-TJMMG]" time="0.001" /><testcase classname="tests.test_cnj" name="test_origin_inference_follows_cnj_segments_and_annexes[9-21-TJMRS]" time="0.001" /><testcase classname="tests.test_cnj" name="test_origin_inference_follows_cnj_segments_and_annexes[9-26-TJMSP]" time="0.000" /><testcase classname="tests.test_cnj" name="test_unknown_or_unmapped_origins_require_an_explicit_court[1-0]" time="0.001" /><testcase classname="tests.test_cnj" name="test_unknown_or_unmapped_origins_require_an_explicit_court[2-0]" time="0.000" /><testcase classname="tests.test_cnj" name="test_unknown_or_unmapped_origins_require_an_explicit_court[3-1]" time="0.000" /><testcase classname="tests.test_cnj" name="test_unknown_or_unmapped_origins_require_an_explicit_court[4-0]" time="0.001" /><testcase classname="tests.test_cnj" name="test_unknown_or_unmapped_origins_require_an_explicit_court[4-7]" time="0.000" /><testcase classname="tests.test_cnj" name="test_unknown_or_unmapped_origins_require_an_explicit_court[4-90]" time="0.000" /><testcase classname="tests.test_cnj" name="test_unknown_or_unmapped_origins_require_an_explicit_court[5-25]" time="0.000" /><testcase classname="tests.test_cnj" name="test_unknown_or_unmapped_origins_require_an_explicit_court[5-90]" time="0.000" /><testcase classname="tests.test_cnj" name="test_unknown_or_unmapped_origins_require_an_explicit_court[6-28]" time="0.000" /><testcase classname="tests.test_cnj" name="test_unknown_or_unmapped_origins_require_an_explicit_court[7-1]" time="0.001" /><testcase classname="tests.test_cnj" name="test_unknown_or_unmapped_origins_require_an_explicit_court[7-12]" time="0.001" /><testcase classname="tests.test_cnj" name="test_unknown_or_unmapped_origins_require_an_explicit_court[8-0]" time="0.000" /><testcase classname="tests.test_cnj" name="test_unknown_or_unmapped_origins_require_an_explicit_court[8-28]" time="0.000" /><testcase classname="tests.test_cnj" name="test_unknown_or_unmapped_origins_require_an_explicit_court[9-1]" time="0.001" /><testcase classname="tests.test_cnj" name="test_unknown_or_unmapped_origins_require_an_explicit_court[0-26]" time="0.001" /><testcase classname="tests.test_cnj" name="test_superior_origin_requires_origin_unit_zero" time="0.000" /><testcase classname="tests.test_cnj" name="test_checksum_rejects_noncanonical_00_and_99_even_if_mod97_matches" time="0.001" /><testcase classname="tests.test_config" name="test_defaults_work_without_a_key" time="0.000" /><testcase classname="tests.test_config" name="test_environment_and_safe_repr" time="0.002" /><testcase classname="tests.test_config" name="test_invalid_configuration_is_rejected_without_echoing_values[kwargs0]" time="0.000" /><testcase classname="tests.test_config" name="test_invalid_configuration_is_rejected_without_echoing_values[kwargs1]" time="0.000" /><testcase classname="tests.test_config" name="test_invalid_configuration_is_rejected_without_echoing_values[kwargs2]" time="0.000" /><testcase classname="tests.test_config" name="test_invalid_configuration_is_rejected_without_echoing_values[kwargs3]" time="0.000" /><testcase classname="tests.test_config" name="test_invalid_configuration_is_rejected_without_echoing_values[kwargs4]" time="0.001" /><testcase classname="tests.test_config" name="test_invalid_configuration_is_rejected_without_echoing_values[kwargs5]" time="0.000" /><testcase classname="tests.test_config" name="test_invalid_configuration_is_rejected_without_echoing_values[kwargs6]" time="0.000" /><testcase classname="tests.test_config" name="test_invalid_configuration_is_rejected_without_echoing_values[kwargs7]" time="0.000" /><testcase classname="tests.test_config" name="test_invalid_configuration_is_rejected_without_echoing_values[kwargs8]" time="0.000" /><testcase classname="tests.test_config" name="test_invalid_configuration_is_rejected_without_echoing_values[kwargs9]" time="0.000" /><testcase classname="tests.test_config" name="test_invalid_configuration_is_rejected_without_echoing_values[kwargs10]" time="0.000" /><testcase classname="tests.test_config" name="test_invalid_configuration_is_rejected_without_echoing_values[kwargs11]" time="0.000" /><testcase classname="tests.test_config" name="test_invalid_configuration_is_rejected_without_echoing_values[kwargs12]" time="0.000" /><testcase classname="tests.test_config" name="test_bad_environment_is_explicit[DATAJUD_TIMEOUT_SECONDS-not-a-number]" time="0.000" /><testcase classname="tests.test_config" name="test_bad_environment_is_explicit[DATAJUD_TIMEOUT_SECONDS-NaN]" time="0.000" /><testcase classname="tests.test_config" name="test_bad_environment_is_explicit[DATAJUD_MAX_RETRIES-1.5]" time="0.000" /><testcase classname="tests.test_config" name="test_bad_environment_is_explicit[DATAJUD_MAX_RETRIES-4]" time="0.000" /><testcase classname="tests.test_core" name="test_raw_hash_and_offline_determinism" time="0.027" /><testcase classname="tests.test_core" name="test_empty_success_has_provenance" time="0.018" /><testcase classname="tests.test_core" name="test_failed_200_preserved_and_cannot_reextract[timed_out]" time="0.016" /><testcase classname="tests.test_core" name="test_failed_200_preserved_and_cannot_reextract[shards]" time="0.016" /><testcase classname="tests.test_core" name="test_failed_200_preserved_and_cannot_reextract[malformed]" time="0.015" /><testcase classname="tests.test_core" name="test_failed_200_preserved_and_cannot_reextract[json]" time="0.013" /><testcase classname="tests.test_core" name="test_unsupported_no_network[company]" time="0.003" /><testcase classname="tests.test_core" name="test_unsupported_no_network[party]" time="0.002" /><testcase classname="tests.test_core" name="test_process_inferred_and_override_explicit" time="0.034" /><testcase classname="tests.test_core" name="test_repeat_preserves_both_retrievals" time="0.035" /><testcase classname="tests.test_core" name="test_io_failure_explicit" time="0.003" /><testcase classname="tests.test_core" name="test_tampered_raw_rejected" time="0.020" /><testcase classname="tests.test_datajud" name="test_request_auth_endpoint_raw_query_provenance_and_logging" time="0.001" /><testcase classname="tests.test_datajud" name="test_zero_hits_is_a_valid_retrieval[total0]" time="0.001" /><testcase classname="tests.test_datajud" name="test_zero_hits_is_a_valid_retrieval[0]" time="0.001" /><testcase classname="tests.test_datajud" name="test_missing_key_fails_without_network" time="0.000" /><testcase classname="tests.test_datajud" name="test_client_itself_enforces_limits_before_network[missing-query0]" time="0.001" /><testcase classname="tests.test_datajud" name="test_client_itself_enforces_limits_before_network[TJSP-query1]" time="0.000" /><testcase classname="tests.test_datajud" name="test_client_itself_enforces_limits_before_network[TJSP-query2]" time="0.000" /><testcase classname="tests.test_datajud" name="test_http_failures_never_become_empty_results_or_leak_body[401-0-authentication_error]" time="0.001" /><testcase classname="tests.test_datajud" name="test_http_failures_never_become_empty_results_or_leak_body[403-0-authentication_error]" time="0.001" /><testcase classname="tests.test_datajud" name="test_http_failures_never_become_empty_results_or_leak_body[404-0-upstream_error]" time="0.001" /><testcase classname="tests.test_datajud" name="test_http_failures_never_become_empty_results_or_leak_body[500-0-upstream_error]" time="0.001" /><testcase classname="tests.test_datajud" name="test_http_failures_never_become_empty_results_or_leak_body[429-2-upstream_error]" time="0.001" /><testcase classname="tests.test_datajud" name="test_http_failures_never_become_empty_results_or_leak_body[502-2-upstream_error]" time="0.001" /><testcase classname="tests.test_datajud" name="test_http_failures_never_become_empty_results_or_leak_body[503-2-upstream_error]" time="0.001" /><testcase classname="tests.test_datajud" name="test_http_failures_never_become_empty_results_or_leak_body[504-2-upstream_error]" time="0.001" /><testcase classname="tests.test_datajud" name="test_http_failures_never_become_empty_results_or_leak_body[302-0-upstream_error]" time="0.001" /><testcase classname="tests.test_datajud" name="test_transient_http_error_can_recover" time="0.001" /><testcase classname="tests.test_datajud" name="test_transport_errors_have_bounded_retries_and_safe_messages[ReadTimeout-timeout-504-True]" time="0.001" /><testcase classname="tests.test_datajud" name="test_transport_errors_have_bounded_retries_and_safe_messages[ConnectTimeout-timeout-504-True]" time="0.001" /><testcase classname="tests.test_datajud" name="test_transport_errors_have_bounded_retries_and_safe_messages[ConnectError-connection_error-503-True]" time="0.001" /><testcase classname="tests.test_datajud" name="test_transport_errors_have_bounded_retries_and_safe_messages[ReadError-connection_error-503-True]" time="0.001" /><testcase classname="tests.test_datajud" name="test_transport_errors_have_bounded_retries_and_safe_messages[RemoteProtocolError-connection_error-503-True]" time="0.001" /><testcase classname="tests.test_datajud" name="test_transport_errors_have_bounded_retries_and_safe_messages[UnsupportedProtocol-connection_error-503-False]" time="0.001" /><testcase classname="tests.test_datajud" name="test_invalid_json_preserves_exact_bytes_for_core[not JSON]" time="0.001" /><testcase classname="tests.test_datajud" name="test_invalid_json_preserves_exact_bytes_for_core[\xff]" time="0.001" /><testcase classname="tests.test_datajud" name="test_invalid_json_preserves_exact_bytes_for_core[{&quot;x&quot;: NaN}]" time="0.001" /><testcase classname="tests.test_datajud" name="test_invalid_json_preserves_exact_bytes_for_core[{&quot;x&quot;:1,&quot;x&quot;:2}]" time="0.000" /><testcase classname="tests.test_datajud" name="test_invalid_json_preserves_exact_bytes_for_core[{{{{{{{{{{{{{{{{{{{{{{{{{{{{{{{{{{{{{{{{{{{{{{{{{{{{{{{{{{{{{{{{{{{{{{{{{{{{{{{{{{{{{{{{{{{{{{{{{{{{{{{{{{{{{{{{{{{{{{{{{{{{{{{{{{{{{{{{{{{{{{{{{{{{{{{{{{{{{{{{{{{{{{{{{{{{{{{{{{{{{{{{{{{{{{{{{{{{{{{{{{{{{{{{{{{{{{{{{{{{{{{{{{{{{{{{{{{{{{{{{{{{{{{{{{{{{{{{{{{{{{{{{{{{{{{{{{{{{{{{{{{{{{{{{{{{{{{{{{{{{{{{{{{{{{{{{{{{{{{{{{{{{{{{{{{{{{{{{{{{{{{{{{{{{{{{{{{{{{{{{{{{{{{{{{{{{{{{{{{{{{{{{{{{{{{{{{{{{{{{{{{{{{{{{{{{{{{{{{{{{{{{{{{{{{{{{{{{{{{{{{{{{{{{{{{{{{{{{{{{{{{{{{{{{{{{{{{{{{{{{{{{{{{{{{{{{{{{{{{{{{{{{{{{{{{{{{{{{{{{{{{{{{{{{{{{{{{{{{{{{{{{{{{{{{{{{{{{{{{{{{{{{{{{{{{{{{{{{{{{{{{{{{{{{{{{{{{{{{{{{{{{{{{{{{{{{{{{{{{{{{{{{{{{{{{{{{{{{{{{{{{{{{{{{{{{{{{{{{{{{{{{{{{{{{{{{{{{{{{{{{{{{{{{{{{{{{{{{{{{{{{{{{{{{{{{{{{{{{{{{{{{{{{{{{{{{{{{{{{{{{{{{{{{{{{{{{{{{{{{{{{{{{{{{{{{{{{{{{{{{{{{{{{{{{{{{{{{{{{{{{{{{{{{{{{{{{{{{{{{{{{{{{{{{{{{{{{{{{{{{{{{{{{{{{{{{{{{{{{{{{{{{{{{{{{{{{{{{{{{{{{{{{{{{{{{{{{{{{{{{{{{{{{{{{{{{{{{{{{{{{{{{{{{{{{{{{{{{{{{{{{{{{{{{{{{{{{{{{{{{{{{{{{{{{{{{{{{{{{{{{{{{{{{{{{{{{{{{{{{{{{{{{{{{{{{{{{{{{{{{{{{{{{{{{{{{{{{{{{{{{{{{{{{{{{{{{{{{{{{{{{{{{{{{{{{{{{{{{{{{{{{{{{{{{{{{{{{{{{{{{{{{{{{{{{{{{{{{{{{{{{{{{{{{{{{{{{{{{{{{{{{{{{{{{{{{{{{{{{{{{{{{{{{{{{{{{{{{{{{{{{{{{{{{{{{{{{{{{{{{{{{{{{{{{{{{{{{{{{{{{{{{{{{{{{{{{{{{{{{{{{{{{{{{{{{{{{{{{{{{{{{{{{{{{{{{{{{{{{{{{{{{{{{{{{{{{{{{{{{{{{{{{{{{{{{{{{{{{{{{{{{{{{{{{{{{{{{{{{{{{{{{{{{{{{{{{{{{{{{{{{{{{{{{{{{{{{{{{{{{{{{{{{{{{{{{{{{{{{{{{{{{{{{{{{{{{{{{{{{{{{{{{{{{{{{{{{{{{{{{{{{{{{{{{{{{{{{{{{{{{{{{{{{{{{{{{{{{{{{{{{{{{{{{{{{{{{{{{{{{{{{{{{{{{{{{{{{{{{{{{{{{{{{{{{{{{{{{{{{{{{{{{{{{{{{{{{{{{{{{{{{{{{{{{{{{{{{{{{{{{{{{{{{{{{{{{{{{{{{{{{{{{{{{{{{{{{{{{{{{{{{{{{{{{{{{{{{{{{{{{{{{{{{{{{{{{{{{{{{{{{{{{{{{{{{{{{{{{{{{{{{{{{{{{{{{{{{{{{{{{{{{{{{{{{{{{{{{{{{{{{{{{{{{{{{{{{{{{{{{{{{{{{{{{{{{{{{{{{{{{{{{{{{{{{{{{{{{{{{{{{{{{{{{{{{{{{{{{{{{{{{{{{{{{{{{{{{{{{{{{{{{{{{{{{{{{{{{{{{{{{{{{{{{{{{{{{{{{{{{{{{{{{{{{{{{{{{{{{{{{{{{{{{{{{{{{{{{{{{{{{{{{{{{{{{{{{{{{{{{{{{{{{{{{{{{{{{{{{{{{{{{{{{{{{{{{{{{{{{{{{{{{{{{{{{{{{{{{{{{{{{{{{{{{{{{{{{{{{{]" time="0.001" /><testcase classname="tests.test_datajud" name="test_malformed_schema_is_not_mistaken_for_zero_hits[&lt;lambda&gt;0]" time="0.000" /><testcase classname="tests.test_datajud" name="test_malformed_schema_is_not_mistaken_for_zero_hits[&lt;lambda&gt;1]" time="0.000" /><testcase classname="tests.test_datajud" name="test_malformed_schema_is_not_mistaken_for_zero_hits[&lt;lambda&gt;2]" time="0.001" /><testcase classname="tests.test_datajud" name="test_malformed_schema_is_not_mistaken_for_zero_hits[&lt;lambda&gt;3]" time="0.000" /><testcase classname="tests.test_datajud" name="test_malformed_schema_is_not_mistaken_for_zero_hits[&lt;lambda&gt;4]" time="0.000" /><testcase classname="tests.test_datajud" name="test_malformed_schema_is_not_mistaken_for_zero_hits[&lt;lambda&gt;5]" time="0.000" /><testcase classname="tests.test_datajud" name="test_malformed_schema_is_not_mistaken_for_zero_hits[&lt;lambda&gt;6]" time="0.000" /><testcase classname="tests.test_datajud" name="test_malformed_schema_is_not_mistaken_for_zero_hits[&lt;lambda&gt;7]" time="0.000" /><testcase classname="tests.test_datajud" name="test_malformed_schema_is_not_mistaken_for_zero_hits[&lt;lambda&gt;8]" time="0.001" /><testcase classname="tests.test_datajud" name="test_malformed_schema_is_not_mistaken_for_zero_hits[&lt;lambda&gt;9]" time="0.000" /><testcase classname="tests.test_datajud" name="test_malformed_schema_is_not_mistaken_for_zero_hits[&lt;lambda&gt;10]" time="0.000" /><testcase classname="tests.test_datajud" name="test_malformed_schema_is_not_mistaken_for_zero_hits[&lt;lambda&gt;11]" time="0.000" /><testcase classname="tests.test_datajud" name="test_malformed_schema_is_not_mistaken_for_zero_hits[&lt;lambda&gt;12]" time="0.000" /><testcase classname="tests.test_datajud" name="test_malformed_schema_is_not_mistaken_for_zero_hits[&lt;lambda&gt;13]" time="0.000" /><testcase classname="tests.test_datajud" name="test_partial_response_preserves_raw_and_is_never_success[True-0]" time="0.001" /><testcase classname="tests.test_datajud" name="test_partial_response_preserves_raw_and_is_never_success[False-1]" time="0.001" /><testcase classname="tests.test_datajud" name="test_partial_response_preserves_raw_and_is_never_success[True-3]" time="0.001" /><testcase classname="tests.test_datajud" name="test_retry_after_is_always_bounded[999999]" time="0.000" /><testcase classname="tests.test_datajud" name="test_retry_after_is_always_bounded[-2]" time="0.000" /><testcase classname="tests.test_datajud" name="test_retry_after_is_always_bounded[NaN]" time="0.000" /><testcase classname="tests.test_datajud" name="test_retry_after_is_always_bounded[Infinity]" time="0.000" /><testcase classname="tests.test_datajud" name="test_retry_after_is_always_bounded[invalid]" time="0.001" /><testcase classname="tests.test_datajud" name="test_retry_after_is_always_bounded[Wed, 01 Jan 2099 00:00:00 GMT]" time="0.000" /><testcase classname="tests.test_datajud" name="test_public_validation_is_offline_and_preserves_the_input" time="0.000" /><testcase classname="tests.test_datajud" name="test_public_validation_rejects_bad_schema[invalid0]" time="0.000" /><testcase classname="tests.test_datajud" name="test_public_validation_rejects_bad_schema[invalid1]" time="0.000" /><testcase classname="tests.test_datajud" name="test_public_validation_rejects_bad_schema[None]" time="0.000" /><testcase classname="tests.test_datajud" name="test_public_validation_rejects_bad_schema[invalid3]" time="0.000" /><testcase classname="tests.test_datajud" name="test_public_validation_rejects_partial_evidence[True-0]" time="0.000" /><testcase classname="tests.test_datajud" name="test_public_validation_rejects_partial_evidence[False-1]" time="0.000" /><testcase classname="tests.test_discover" name="test_bounded_pages_distinct_candidates" time="0.042" /><testcase classname="tests.test_discover" name="test_duplicates_do_not_erase_different_ids" time="0.041" /><testcase classname="tests.test_discover" name="test_missing_cursor_stops" time="0.025" /><testcase classname="tests.test_discover" name="test_later_upstream_error_never_becomes_success" time="0.019" /><testcase classname="tests.test_discover" name="test_discovery_limits_cannot_be_bypassed[fields0]" time="0.000" /><testcase classname="tests.test_discover" name="test_discovery_limits_cannot_be_bypassed[fields1]" time="0.000" /><testcase classname="tests.test_discover" name="test_discovery_limits_cannot_be_bypassed[fields2]" time="0.000" /><testcase classname="tests.test_discover" name="test_discovery_limits_cannot_be_bypassed[fields3]" time="0.000" /><testcase classname="tests.test_discover" name="test_discovery_limits_cannot_be_bypassed[fields4]" time="0.000" /><testcase classname="tests.test_discover" name="test_discovery_limits_cannot_be_bypassed[fields5]" time="0.000" /><testcase classname="tests.test_discover" name="test_upstream_oversized_page_is_error_with_raw_preserved" time="0.014" /><testcase classname="tests.test_discover" name="test_incomplete_hit_identity_preserves_different_degrees" time="0.025" /><testcase classname="tests.test_extract" name="test_normalization_preserves_all_documented_fields_and_unknown_details" time="0.000" /><testcase classname="tests.test_extract" name="test_nested_subject_arrays_flatten_without_losing_object_fields" time="0.000" /><testcase classname="tests.test_extract" name="test_each_record_and_provenance_are_independent" time="0.000" /><testcase classname="tests.test_extract" name="test_missing_fields_stay_absent_and_upstream_null_stays_present" time="0.000" /><testcase classname="tests.test_extract" name="test_upstream_provenance_cannot_replace_evidence_metadata" time="0.000" /><testcase classname="tests.test_extract" name="test_zero_hits_is_valid_without_inventing_records" time="0.000" /><testcase classname="tests.test_extract" name="test_unexpected_schema_raises_instead_of_becoming_zero_hits[None]" time="0.000" /><testcase classname="tests.test_extract" name="test_unexpected_schema_raises_instead_of_becoming_zero_hits[payload1]" time="0.000" /><testcase classname="tests.test_extract" name="test_unexpected_schema_raises_instead_of_becoming_zero_hits[payload2]" time="0.000" /><testcase classname="tests.test_extract" name="test_unexpected_schema_raises_instead_of_becoming_zero_hits[payload3]" time="0.000" /><testcase classname="tests.test_extract" name="test_unexpected_schema_raises_instead_of_becoming_zero_hits[payload4]" time="0.000" /><testcase classname="tests.test_extract" name="test_unexpected_schema_raises_instead_of_becoming_zero_hits[payload5]" time="0.001" /><testcase classname="tests.test_extract" name="test_unexpected_schema_raises_instead_of_becoming_zero_hits[payload6]" time="0.000" /><testcase classname="tests.test_extract" name="test_unexpected_schema_raises_instead_of_becoming_zero_hits[payload7]" time="0.000" /><testcase classname="tests.test_extract" name="test_unexpected_schema_raises_instead_of_becoming_zero_hits[payload8]" time="0.000" /><testcase classname="tests.test_extract" name="test_unexpected_schema_raises_instead_of_becoming_zero_hits[payload9]" time="0.000" /><testcase classname="tests.test_extract" name="test_unexpected_schema_raises_instead_of_becoming_zero_hits[payload10]" time="0.000" /><testcase classname="tests.test_extract" name="test_unexpected_schema_raises_instead_of_becoming_zero_hits[payload11]" time="0.000" /><testcase classname="tests.test_extract" name="test_hit_identifiers_are_only_added_when_present" time="0.000" /><testcase classname="tests.test_extract" name="test_unexpected_subject_leaves_are_preserved_instead_of_discarded" time="0.000" /><testcase classname="tests.test_http" name="test_health_without_configuration" time="0.015" /><testcase classname="tests.test_http" name="test_http_routes_share_service" time="0.077" /><testcase classname="tests.test_http" name="test_bad_and_unsupported_requests_do_not_call_network[body0]" time="0.012" /><testcase classname="tests.test_http" name="test_bad_and_unsupported_requests_do_not_call_network[body1]" time="0.011" /><testcase classname="tests.test_http" name="test_bad_and_unsupported_requests_do_not_call_network[body2]" time="0.012" /><testcase classname="tests.test_http" name="test_bad_and_unsupported_requests_do_not_call_network[body3]" time="0.012" /><testcase classname="tests.test_http" name="test_bad_and_unsupported_requests_do_not_call_network[body4]" time="0.012" /><testcase classname="tests.test_http" name="test_bad_and_unsupported_requests_do_not_call_network[body5]" time="0.013" /><testcase classname="tests.test_http" name="test_validation_does_not_echo_arbitrary_payload" time="0.012" /><testcase classname="tests.test_http" name="test_deep_upstream_json_gets_structured_error_and_raw" time="0.042" /><testcase classname="tests.test_integration" name="test_live_tjsp_preserves_raw_and_provenance" time="0.000"><skipped type="pytest.skip" message="Opt in with DATAJUD_INTEGRATION_TEST=1 and DATAJUD_API_KEY">C:\Users\pavan\OneDrive\Documents\ChatGPT\DataJud\tests\test_integration.py:20: Opt in with DATAJUD_INTEGRATION_TEST=1 and DATAJUD_API_KEY</skipped></testcase><testcase classname="tests.test_pagination" name="test_repeated_page_stops" time="0.000" /><testcase classname="tests.test_pagination" name="test_repeated_cursor_stops" time="0.000" /><testcase classname="tests.test_pagination" name="test_missing_and_page_limit" time="0.000" /><testcase classname="tests.test_queries" name="test_cnj_number_is_preserved_as_twenty_ascii_digits[00409435319968260114]" time="0.000" /><testcase classname="tests.test_queries" name="test_cnj_number_is_preserved_as_twenty_ascii_digits[0040943-53.1996.8.26.0114]" time="0.000" /><testcase classname="tests.test_queries" name="test_malformed_numbers_are_not_silently_repaired[]" time="0.000" /><testcase classname="tests.test_queries" name="test_malformed_numbers_are_not_silently_repaired[123]" time="0.000" /><testcase classname="tests.test_queries" name="test_malformed_numbers_are_not_silently_repaired[00012345620248260001 ]" time="0.000" /><testcase classname="tests.test_queries" name="test_malformed_numbers_are_not_silently_repaired[0001234/56.2024.8.26.0001]" time="0.000" /><testcase classname="tests.test_queries" name="test_malformed_numbers_are_not_silently_repaired[\u0660\u0660\u0660\u0660\u0660\u0660\u0660\u0660\u0660\u0660\u0660\u0660\u0660\u0660\u0660\u0660\u0660\u0660\u0660\u0660]" time="0.000" /><testcase classname="tests.test_queries" name="test_malformed_numbers_are_not_silently_repaired[\uff11\uff11\uff11\uff11\uff11\uff11\uff11\uff11\uff11\uff11\uff11\uff11\uff11\uff11\uff11\uff11\uff11\uff11\uff11\uff11]" time="0.000" /><testcase classname="tests.test_queries" name="test_malformed_numbers_are_not_silently_repaired[12345678901234567890]" time="0.000" /><testcase classname="tests.test_queries" name="test_combined_filters_and_inclusive_end_date" time="0.000" /><testcase classname="tests.test_queries" name="test_invalid_filters_are_rejected_before_network[kwargs0]" time="0.000" /><testcase classname="tests.test_queries" name="test_invalid_filters_are_rejected_before_network[kwargs1]" time="0.000" /><testcase classname="tests.test_queries" name="test_invalid_filters_are_rejected_before_network[kwargs2]" time="0.000" /><testcase classname="tests.test_queries" name="test_invalid_filters_are_rejected_before_network[kwargs3]" time="0.000" /><testcase classname="tests.test_queries" name="test_invalid_filters_are_rejected_before_network[kwargs4]" time="0.000" /><testcase classname="tests.test_queries" name="test_invalid_filters_are_rejected_before_network[kwargs5]" time="0.000" /><testcase classname="tests.test_queries" name="test_invalid_filters_are_rejected_before_network[kwargs6]" time="0.000" /><testcase classname="tests.test_queries" name="test_invalid_filters_are_rejected_before_network[kwargs7]" time="0.000" /><testcase classname="tests.test_queries" name="test_invalid_filters_are_rejected_before_network[kwargs8]" time="0.000" /><testcase classname="tests.test_queries" name="test_invalid_filters_are_rejected_before_network[kwargs9]" time="0.000" /><testcase classname="tests.test_queries" name="test_invalid_filters_are_rejected_before_network[kwargs10]" time="0.000" /><testcase classname="tests.test_queries" name="test_queries_are_independent_copies_and_receive_defaults" time="0.000" /><testcase classname="tests.test_queries" name="test_raw_limits_and_shapes[query0]" time="0.000" /><testcase classname="tests.test_queries" name="test_raw_limits_and_shapes[query1]" time="0.000" /><testcase classname="tests.test_queries" name="test_raw_limits_and_shapes[query2]" time="0.000" /><testcase classname="tests.test_queries" name="test_raw_limits_and_shapes[query3]" time="0.000" /><testcase classname="tests.test_queries" name="test_raw_limits_and_shapes[query4]" time="0.000" /><testcase classname="tests.test_queries" name="test_raw_limits_and_shapes[query5]" time="0.000" /><testcase classname="tests.test_queries" name="test_raw_limits_and_shapes[query6]" time="0.000" /><testcase classname="tests.test_queries" name="test_raw_limits_and_shapes[query7]" time="0.000" /><testcase classname="tests.test_queries" name="test_raw_limits_and_shapes[query8]" time="0.000" /><testcase classname="tests.test_queries" name="test_raw_limits_and_shapes[query9]" time="0.000" /><testcase classname="tests.test_queries" name="test_raw_limits_and_shapes[query10]" time="0.000" /><testcase classname="tests.test_queries" name="test_raw_limits_and_shapes[query11]" time="0.000" /><testcase classname="tests.test_queries" name="test_raw_limits_and_shapes[query12]" time="0.000" /><testcase classname="tests.test_queries" name="test_raw_limits_and_shapes[query13]" time="0.000" /><testcase classname="tests.test_queries" name="test_raw_limits_and_shapes[query14]" time="0.000" /><testcase classname="tests.test_queries" name="test_raw_limits_and_shapes[query15]" time="0.000" /><testcase classname="tests.test_queries" name="test_raw_limits_and_shapes[query16]" time="0.000" /><testcase classname="tests.test_queries" name="test_raw_limits_and_shapes[query17]" time="0.000" /><testcase classname="tests.test_queries" name="test_raw_limits_and_shapes[query18]" time="0.001" /><testcase classname="tests.test_queries" name="test_raw_limits_and_shapes[query19]" time="0.000" /><testcase classname="tests.test_queries" name="test_raw_limits_and_shapes[query20]" time="0.000" /><testcase classname="tests.test_queries" name="test_raw_limits_and_shapes[query21]" time="0.000" /><testcase classname="tests.test_queries" name="test_raw_limits_and_shapes[query22]" time="0.000" /><testcase classname="tests.test_queries" name="test_raw_limits_and_shapes[query23]" time="0.000" /><testcase classname="tests.test_queries" name="test_raw_limits_and_shapes[query24]" time="0.000" /><testcase classname="tests.test_queries" name="test_raw_limits_and_shapes[query25]" time="0.000" /><testcase classname="tests.test_queries" name="test_raw_limits_and_shapes[query26]" time="0.000" /><testcase classname="tests.test_queries" name="test_scripts_are_rejected_even_inside_nested_dsl[query0]" time="0.000" /><testcase classname="tests.test_queries" name="test_scripts_are_rejected_even_inside_nested_dsl[query1]" time="0.000" /><testcase classname="tests.test_queries" name="test_scripts_are_rejected_even_inside_nested_dsl[query2]" time="0.000" /><testcase classname="tests.test_queries" name="test_scripts_are_rejected_even_inside_nested_dsl[query3]" time="0.000" /><testcase classname="tests.test_queries" name="test_scripts_are_rejected_even_inside_nested_dsl[query4]" time="0.000" /><testcase classname="tests.test_queries" name="test_raw_size_and_recursion_are_bounded" time="0.001" /><testcase classname="tests.test_queries" name="test_pagination_boundaries_are_permitted" time="0.000" /><testcase classname="tests.test_queries" name="test_movement_uses_documented_tpu_field_and_combines_with_subject" time="0.000" /><testcase classname="tests.test_queries" name="test_movement_rejects_invalid_tpu_codes[True]" time="0.000" /><testcase classname="tests.test_queries" name="test_movement_rejects_invalid_tpu_codes[0]" time="0.000" /><testcase classname="tests.test_queries" name="test_movement_rejects_invalid_tpu_codes[-1]" time="0.000" /><testcase classname="tests.test_queries" name="test_movement_rejects_invalid_tpu_codes[1.5]" time="0.000" /><testcase classname="tests.test_queries" name="test_movement_rejects_invalid_tpu_codes[text]" time="0.000" /><testcase classname="tests.test_queries" name="test_movement_rejects_invalid_tpu_codes[\u0662\u0666]" time="0.000" /><testcase classname="tests.test_queries" name="test_builder_also_enforces_cnj_checksum" time="0.000" /><testcase classname="tests.test_storage" name="test_raw_preserves_exact_bytes_and_hash_with_provenance" time="0.013" /><testcase classname="tests.test_storage" name="test_repeated_retrieval_never_overwrites" time="0.019" /><testcase classname="tests.test_storage" name="test_nonce_collision_retries_without_overwriting" time="0.020" /><testcase classname="tests.test_storage" name="test_extracted_json_has_provenance_and_refuses_overwrite" time="0.017" /><testcase classname="tests.test_storage" name="test_unsafe_tribunal_cannot_be_used_as_path[../TJSP]" time="0.002" /><testcase classname="tests.test_storage" name="test_unsafe_tribunal_cannot_be_used_as_path[..\\TJSP]" time="0.002" /><testcase classname="tests.test_storage" name="test_unsafe_tribunal_cannot_be_used_as_path[C:\\TJSP]" time="0.002" /><testcase classname="tests.test_storage" name="test_unsafe_tribunal_cannot_be_used_as_path[/TJSP]" time="0.002" /><testcase classname="tests.test_storage" name="test_unsafe_tribunal_cannot_be_used_as_path[TJSP/../../x]" time="0.002" /><testcase classname="tests.test_storage" name="test_unsafe_tribunal_cannot_be_used_as_path[TJSP:ads]" time="0.002" /><testcase classname="tests.test_storage" name="test_unsafe_tribunal_cannot_be_used_as_path[]" time="0.003" /><testcase classname="tests.test_storage" name="test_unsafe_tribunal_cannot_be_used_as_path[TJSP\x00]" time="0.002" /><testcase classname="tests.test_storage" name="test_extracted_path_must_stay_in_storage" time="0.011" /><testcase classname="tests.test_storage" name="test_storage_rejects_directory_symlink_escape" time="0.003"><skipped type="pytest.skip" message="Creating directory symlinks is not permitted on this host.">C:\Users\pavan\OneDrive\Documents\ChatGPT\DataJud\tests\test_storage.py:98: Creating directory symlinks is not permitted on this host.</skipped></testcase><testcase classname="tests.test_storage" name="test_timestamp_is_normalized_to_utc" time="0.011" /><testcase classname="tests.test_storage" name="test_timestamp_requires_valid_timezone[2026-09-21]" time="0.002" /><testcase classname="tests.test_storage" name="test_timestamp_requires_valid_timezone[2026-09-21T12:30:00]" time="0.002" /><testcase classname="tests.test_storage" name="test_timestamp_requires_valid_timezone[../bad]" time="0.002" /><testcase classname="tests.test_storage" name="test_timestamp_requires_valid_timezone[None]" time="0.002" /><testcase classname="tests.test_storage" name="test_io_failure_is_explicit" time="0.004" /><testcase classname="tests.test_storage" name="test_invalid_extracted_json_does_not_create_a_file" time="0.011" /><testcase classname="tests.test_storage" name="test_raw_sidecar_persists_original_provenance_before_extraction" time="0.011" /><testcase classname="tests.test_storage" name="test_electoral_tribunal_uses_its_official_hyphenated_alias" time="0.012" /><testcase classname="tests.test_storage" name="test_offline_load_preserves_raw_original_metadata_and_previous_extractions" time="0.023" /><testcase classname="tests.test_storage" name="test_offline_load_detects_altered_raw_bytes" time="0.015" /><testcase classname="tests.test_storage" name="test_offline_load_requires_original_sidecar_even_if_extracted_file_exists" time="0.016" /><testcase classname="tests.test_storage" name="test_offline_load_validates_original_metadata[source-invented]" time="0.015" /><testcase classname="tests.test_storage" name="test_offline_load_validates_original_metadata[tribunal-UNKNOWN]" time="0.015" /><testcase classname="tests.test_storage" name="test_offline_load_validates_original_metadata[tribunal-tjsp]" time="0.015" /><testcase classname="tests.test_storage" name="test_offline_load_validates_original_metadata[endpoint_alias-api_publica_stj]" time="0.017" /><testcase classname="tests.test_storage" name="test_offline_load_validates_original_metadata[endpoint-https://secret@api-publica.datajud.cnj.jus.br/api_publica_tjsp/_search]" time="0.017" /><testcase classname="tests.test_storage" name="test_offline_load_validates_original_metadata[query-replacement5]" time="0.016" /><testcase classname="tests.test_storage" name="test_offline_load_validates_original_metadata[raw_sha256-invalid]" time="0.017" /><testcase classname="tests.test_storage" name="test_offline_load_validates_original_metadata[raw_sha256-0000000000000000000000000000000000000000000000000000000000000000]" time="0.018" /><testcase classname="tests.test_storage" name="test_offline_load_validates_original_metadata[raw_file-../../outside.json]" time="0.018" /><testcase classname="tests.test_storage" name="test_offline_load_validates_original_metadata[raw_file-raw/another-file.json]" time="0.017" /><testcase classname="tests.test_storage" name="test_offline_load_validates_original_metadata[retrieved_at-2026-09-21T12:00:00]" time="0.017" /><testcase classname="tests.test_storage" name="test_offline_load_validates_original_metadata[retrieved_at-2026-09-21T12:00:00-03:00]" time="0.016" /><testcase classname="tests.test_storage" name="test_offline_load_rejects_malformed_sidecar[not json]" time="0.050" /><testcase classname="tests.test_storage" name="test_offline_load_rejects_malformed_sidecar[null]" time="0.012" /><testcase classname="tests.test_storage" name="test_offline_load_rejects_malformed_sidecar[[]]" time="0.012" /><testcase classname="tests.test_storage" name="test_offline_load_rejects_malformed_sidecar[{}]" time="0.014" /><testcase classname="tests.test_storage" name="test_offline_load_rejects_malformed_sidecar[{&quot;x&quot;:NaN}]" time="0.016" /><testcase classname="tests.test_storage" name="test_offline_load_rejects_malformed_sidecar[{&quot;x&quot;:1,&quot;x&quot;:2}]" time="0.016" /><testcase classname="tests.test_storage" name="test_offline_sidecar_must_not_add_authentication_fields" time="0.018" /><testcase classname="tests.test_storage" name="test_offline_load_rejects_files_outside_raw_directory_and_sidecars" time="0.015" /><testcase classname="tests.test_storage" name="test_mismatched_endpoint_cannot_be_persisted" time="0.003" /><testcase classname="tests.test_storage" name="test_invalid_query_json_is_rejected_before_raw_write" time="0.002" /><testcase classname="tests.test_storage" name="test_manifest_preserves_document_and_repetitions_are_exclusive" time="0.012" /><testcase classname="tests.test_storage" name="test_manifest_prefix_rejects_paths_and_unbounded_names[../escape]" time="0.002" /><testcase classname="tests.test_storage" name="test_manifest_prefix_rejects_paths_and_unbounded_names[..\\escape]" time="0.003" /><testcase classname="tests.test_storage" name="test_manifest_prefix_rejects_paths_and_unbounded_names[/absolute]" time="0.002" /><testcase classname="tests.test_storage" name="test_manifest_prefix_rejects_paths_and_unbounded_names[C:\\absolute]" time="0.002" /><testcase classname="tests.test_storage" name="test_manifest_prefix_rejects_paths_and_unbounded_names[file:stream]" time="0.002" /><testcase classname="tests.test_storage" name="test_manifest_prefix_rejects_paths_and_unbounded_names[]" time="0.003" /><testcase classname="tests.test_storage" name="test_manifest_prefix_rejects_paths_and_unbounded_names[aaaaaaaaaaaaaaaaaaaaaaaaaaaaaaaaaaaaaaaaaaaaaaaaa]" time="0.002" /><testcase classname="tests.test_storage" name="test_manifest_prefix_rejects_paths_and_unbounded_names[None]" time="0.002" /><testcase classname="tests.test_tribunals" name="test_documented_aliases_and_case_normalization[ tjsp -api_publica_tjsp]" time="0.000" /><testcase classname="tests.test_tribunals" name="test_documented_aliases_and_case_normalization[STJ-api_publica_stj]" time="0.000" /><testcase classname="tests.test_tribunals" name="test_documented_aliases_and_case_normalization[TST-api_publica_tst]" time="0.000" /><testcase classname="tests.test_tribunals" name="test_documented_aliases_and_case_normalization[TSE-api_publica_tse]" time="0.000" /><testcase classname="tests.test_tribunals" name="test_documented_aliases_and_case_normalization[STM-api_publica_stm]" time="0.000" /><testcase classname="tests.test_tribunals" name="test_documented_aliases_and_case_normalization[TRE-DF-api_publica_tre-dft]" time="0.000" /><testcase classname="tests.test_tribunals" name="test_documented_aliases_and_case_normalization[TRF6-api_publica_trf6]" time="0.000" /><testcase classname="tests.test_tribunals" name="test_documented_aliases_and_case_normalization[TRT24-api_publica_trt24]" time="0.000" /><testcase classname="tests.test_tribunals" name="test_documented_aliases_and_case_normalization[TJDFT-api_publica_tjdft]" time="0.000" /><testcase classname="tests.test_tribunals" name="test_documented_aliases_and_case_normalization[TJMRS-api_publica_tjmrs]" time="0.000" /><testcase classname="tests.test_tribunals" name="test_registry_has_only_fixed_search_endpoints" time="0.000" /><testcase classname="tests.test_tribunals" name="test_unknown_tribunal_cannot_override_endpoint[]" time="0.000" /><testcase classname="tests.test_tribunals" name="test_unknown_tribunal_cannot_override_endpoint[UNKNOWN]" time="0.000" /><testcase classname="tests.test_tribunals" name="test_unknown_tribunal_cannot_override_endpoint[TRF7]" time="0.000" /><testcase classname="tests.test_tribunals" name="test_unknown_tribunal_cannot_override_endpoint[TRT25]" time="0.000" /><testcase classname="tests.test_tribunals" name="test_unknown_tribunal_cannot_override_endpoint[TJSP/_delete]" time="0.000" /><testcase classname="tests.test_tribunals" name="test_unknown_tribunal_cannot_override_endpoint[../TJSP]" time="0.000" /><testcase classname="tests.test_tribunals" name="test_unknown_tribunal_cannot_override_endpoint[https://example.org]" time="0.000" /><testcase classname="tests.test_tribunals" name="test_unknown_tribunal_cannot_override_endpoint[None]" time="0.000" /><testcase classname="tests.test_tribunals" name="test_unknown_tribunal_cannot_override_endpoint[12]" time="0.001" /></testsuite></testsuites>